[debug] [2020-09-30T22:15:07.613Z] ----------------------------------------------------------------------
[debug] [2020-09-30T22:15:07.615Z] Command:       /Users/michaelmorrissey/.nvm/versions/node/v12.16.3/bin/node /Users/michaelmorrissey/.nvm/versions/node/v12.16.3/bin/firebase deploy --only hosting
[debug] [2020-09-30T22:15:07.615Z] CLI Version:   8.11.2
[debug] [2020-09-30T22:15:07.615Z] Platform:      darwin
[debug] [2020-09-30T22:15:07.615Z] Node Version:  v12.16.3
[debug] [2020-09-30T22:15:07.616Z] Time:          Wed Sep 30 2020 18:15:07 GMT-0400 (Eastern Daylight Time)
[debug] [2020-09-30T22:15:07.616Z] ----------------------------------------------------------------------
[debug] [2020-09-30T22:15:07.616Z] 
[debug] [2020-09-30T22:15:07.625Z] > command requires scopes: ["email","openid","https://www.googleapis.com/auth/cloudplatformprojects.readonly","https://www.googleapis.com/auth/firebase","https://www.googleapis.com/auth/cloud-platform"]
[debug] [2020-09-30T22:15:07.625Z] > authorizing via signed-in user
[debug] [2020-09-30T22:15:07.626Z] [iam] checking project lunarmayor-22560 for permissions ["firebase.projects.get","firebasehosting.sites.update"]
[debug] [2020-09-30T22:15:07.629Z] >>> HTTP REQUEST POST https://cloudresourcemanager.googleapis.com/v1/projects/lunarmayor-22560:testIamPermissions  
 {"permissions":["firebase.projects.get","firebasehosting.sites.update"]}
[debug] [2020-09-30T22:15:07.929Z] <<< HTTP RESPONSE 200 {"content-type":"application/json; charset=UTF-8","vary":"X-Origin, Referer, Origin,Accept-Encoding","date":"Wed, 30 Sep 2020 22:15:07 GMT","server":"ESF","cache-control":"private","x-xss-protection":"0","x-frame-options":"SAMEORIGIN","x-content-type-options":"nosniff","server-timing":"gfet4t7; dur=135","alt-svc":"h3-Q050=\":443\"; ma=2592000,h3-29=\":443\"; ma=2592000,h3-27=\":443\"; ma=2592000,h3-T051=\":443\"; ma=2592000,h3-T050=\":443\"; ma=2592000,h3-Q046=\":443\"; ma=2592000,h3-Q043=\":443\"; ma=2592000,quic=\":443\"; ma=2592000; v=\"46,43\"","accept-ranges":"none","transfer-encoding":"chunked"}
[debug] [2020-09-30T22:15:07.931Z] >>> HTTP REQUEST GET https://firebase.googleapis.com/v1beta1/projects/lunarmayor-22560  
 
[debug] [2020-09-30T22:15:08.197Z] <<< HTTP RESPONSE 200 {"content-type":"application/json; charset=UTF-8","vary":"X-Origin, Referer, Origin,Accept-Encoding","date":"Wed, 30 Sep 2020 22:15:08 GMT","server":"ESF","cache-control":"private","x-xss-protection":"0","x-frame-options":"SAMEORIGIN","x-content-type-options":"nosniff","alt-svc":"h3-Q050=\":443\"; ma=2592000,h3-29=\":443\"; ma=2592000,h3-27=\":443\"; ma=2592000,h3-T051=\":443\"; ma=2592000,h3-T050=\":443\"; ma=2592000,h3-Q046=\":443\"; ma=2592000,h3-Q043=\":443\"; ma=2592000,quic=\":443\"; ma=2592000; v=\"46,43\"","accept-ranges":"none","transfer-encoding":"chunked"}
[warn] ⚠  functions: package.json indicates an outdated version of firebase-functions.
Please upgrade using npm install --save firebase-functions@latest in your functions directory. 
[info] 
[info] === Deploying to 'lunarmayor-22560'...
[info] 
[info] i  deploying hosting 
[debug] [2020-09-30T22:15:09.615Z] >>> HTTP REQUEST POST https://firebasehosting.googleapis.com/v1beta1/sites/lunarmayor-22560/versions  
 {"config":{"rewrites":[{"glob":"**","path":"/index.html"}]},"labels":{"deployment-tool":"cli-firebase"}}
[debug] [2020-09-30T22:15:12.113Z] <<< HTTP RESPONSE 200 {"content-type":"application/json; charset=UTF-8","vary":"X-Origin, Referer, Origin,Accept-Encoding","date":"Wed, 30 Sep 2020 22:15:12 GMT","server":"ESF","cache-control":"private","x-xss-protection":"0","x-frame-options":"SAMEORIGIN","x-content-type-options":"nosniff","alt-svc":"h3-Q050=\":443\"; ma=2592000,h3-29=\":443\"; ma=2592000,h3-27=\":443\"; ma=2592000,h3-T051=\":443\"; ma=2592000,h3-T050=\":443\"; ma=2592000,h3-Q046=\":443\"; ma=2592000,h3-Q043=\":443\"; ma=2592000,quic=\":443\"; ma=2592000; v=\"46,43\"","accept-ranges":"none","transfer-encoding":"chunked"}
[info] i  hosting[lunarmayor-22560]: beginning deploy... 
[info] i  hosting[lunarmayor-22560]: found 87 files in build 
[debug] [2020-09-30T22:15:12.134Z] [hosting] hash cache [YnVpbGQ] not populated
[debug] [2020-09-30T22:15:14.742Z] [hosting] hash cache [YnVpbGQ] stored for 87 files
[debug] [2020-09-30T22:15:14.742Z] [hosting][hash queue][FINAL] {"max":2600,"min":48,"avg":289.37931034482756,"active":0,"complete":87,"success":87,"errored":0,"retried":0,"total":87,"elapsed":2608}
[debug] [2020-09-30T22:15:14.742Z] >>> HTTP REQUEST POST https://firebasehosting.googleapis.com/v1beta1/sites/lunarmayor-22560/versions/768c2bd4c74696b7:populateFiles  
 <request body omitted>
